2022-11-20 08:03:04,259 INFO  [main] com.github.oycii.Main$ - Start...
2022-11-20 08:03:04,895 INFO  [main] com.github.oycii.service.LayerService$ - Start move data from: stage to: ods with extension: csv
2022-11-20 08:03:05,363 INFO  [main] com.github.oycii.service.LayerService$ - moved data from: hdfs://localhost:9000/stage/date=2020-12-03 to hdfs://localhost:9000/ods/date=2020-12-03, count files: 0
2022-11-20 08:03:05,373 WARN  [main] com.github.oycii.dao.HdfsDao - File size of hdfs://localhost:9000/stage/date=2020-12-01/part-0000.csv equal 0
2022-11-20 08:03:05,378 INFO  [main] com.github.oycii.service.LayerService$ - moved data from: hdfs://localhost:9000/stage/date=2020-12-01 to hdfs://localhost:9000/ods/date=2020-12-01, count files: 0
2022-11-20 08:03:05,381 INFO  [main] com.github.oycii.service.LayerService$ - moved data from: hdfs://localhost:9000/stage/date=2020-12-02 to hdfs://localhost:9000/ods/date=2020-12-02, count files: 0
2022-11-20 08:03:05,381 INFO  [main] com.github.oycii.Main$ - Application finished
2022-11-20 08:06:41,035 INFO  [main] com.github.oycii.Main$ - Start...
2022-11-20 08:06:41,679 INFO  [main] com.github.oycii.service.LayerService$ - Start move data from: stage to: ods with extension: csv
2022-11-20 08:09:20,803 INFO  [main] com.github.oycii.Main$ - Start...
2022-11-20 08:09:21,468 INFO  [main] com.github.oycii.service.LayerService$ - Start move data from: stage to: ods with extension: csv
2022-11-20 08:10:06,823 INFO  [main] com.github.oycii.Main$ - Start...
2022-11-20 08:10:07,456 INFO  [main] com.github.oycii.service.LayerService$ - Start move data from: stage to: ods with extension: csv
2022-11-20 08:10:08,350 INFO  [main] com.github.oycii.dao.HdfsDao - concatFiles to: hdfs://localhost:9000/ods/date=2020-12-03/concat.csv from: hdfs://localhost:9000/ods/date=2020-12-03/part-0002.csv,hdfs://localhost:9000/ods/date=2020-12-03/part-0001.csv,hdfs://localhost:9000/ods/date=2020-12-03/part-0000.csv
2022-11-20 08:10:08,383 INFO  [main] com.github.oycii.service.LayerService$ - moved data from: hdfs://localhost:9000/stage/date=2020-12-03 to hdfs://localhost:9000/ods/date=2020-12-03, count files: 3
2022-11-20 08:10:08,393 WARN  [main] com.github.oycii.dao.HdfsDao - File size of hdfs://localhost:9000/stage/date=2020-12-01/part-0000.csv equal 0
2022-11-20 08:10:08,398 INFO  [main] com.github.oycii.service.LayerService$ - moved data from: hdfs://localhost:9000/stage/date=2020-12-01 to hdfs://localhost:9000/ods/date=2020-12-01, count files: 0
2022-11-20 08:10:08,401 INFO  [main] com.github.oycii.service.LayerService$ - moved data from: hdfs://localhost:9000/stage/date=2020-12-02 to hdfs://localhost:9000/ods/date=2020-12-02, count files: 0
2022-11-20 08:10:08,401 INFO  [main] com.github.oycii.Main$ - Application finished
2022-11-20 08:23:53,166 INFO  [main] com.github.oycii.Main$ - Start...
2022-11-20 08:23:53,800 INFO  [main] com.github.oycii.service.LayerService$ - Start move data from: stage to: ods with extension: csv
2022-11-20 08:23:54,248 INFO  [main] com.github.oycii.dao.HdfsDao - concatFiles to: hdfs://localhost:9000/ods/date=2020-12-03/concat.csv from: hdfs://localhost:9000/ods/date=2020-12-03/part-0002.csv,hdfs://localhost:9000/ods/date=2020-12-03/part-0001.csv,hdfs://localhost:9000/ods/date=2020-12-03/part-0000.csv
2022-11-20 08:23:54,280 INFO  [main] com.github.oycii.service.LayerService$ - moved data from: hdfs://localhost:9000/stage/date=2020-12-03 to hdfs://localhost:9000/ods/date=2020-12-03, count files: 3
2022-11-20 08:23:54,291 WARN  [main] com.github.oycii.dao.HdfsDao - File size of hdfs://localhost:9000/stage/date=2020-12-01/part-0000.csv equal 0
2022-11-20 08:23:54,296 INFO  [main] com.github.oycii.service.LayerService$ - moved data from: hdfs://localhost:9000/stage/date=2020-12-01 to hdfs://localhost:9000/ods/date=2020-12-01, count files: 0
2022-11-20 08:23:54,299 INFO  [main] com.github.oycii.service.LayerService$ - moved data from: hdfs://localhost:9000/stage/date=2020-12-02 to hdfs://localhost:9000/ods/date=2020-12-02, count files: 0
2022-11-20 08:23:54,299 INFO  [main] com.github.oycii.Main$ - Application finished
